# JRE version: OpenJDK Runtime Environment (8.0_162-b12) (build 1.8.0_162-b12)
# Java VM: OpenJDK 64-Bit Server VM (25.162-b12 mixed mode linux-amd64 compressed oops)
Heap:
 PSYoungGen      total 57344K, used 51660K [0x000000076d380000, 0x0000000771580000, 0x00000007c0000000)
  eden space 49152K, 100% used [0x000000076d380000,0x0000000770380000,0x0000000770380000)
  from space 8192K, 30% used [0x0000000770d80000,0x0000000770ff30e0,0x0000000771580000)
  to   space 9216K, 2% used [0x0000000770380000,0x00000007703b0240,0x0000000770c80000)
 ParOldGen       total 171008K, used 5535K [0x00000006c7a00000, 0x00000006d2100000, 0x000000076d380000)
  object space 171008K, 3% used [0x00000006c7a00000,0x00000006c7f67c38,0x00000006d2100000)
 Metaspace       used 13632K, capacity 13980K, committed 14336K, reserved 1062912K
  class space    used 1337K, capacity 1448K, committed 1536K, reserved 1048576K
GC Heap History (10 events):
Event: 411,348 GC heap after
Heap after GC invocations=14 (full 0):
 PSYoungGen      total 61952K, used 3345K [0x000000076d380000, 0x0000000771a80000, 0x00000007c0000000)
  eden space 53248K, 0% used [0x000000076d380000,0x000000076d380000,0x0000000770780000)
  from space 8704K, 38% used [0x0000000771200000,0x0000000771544700,0x0000000771a80000)
  to   space 9728K, 0% used [0x0000000770780000,0x0000000770780000,0x0000000771100000)
 ParOldGen       total 171008K, used 5031K [0x00000006c7a00000, 0x00000006d2100000, 0x000000076d380000)
  object space 171008K, 2% used [0x00000006c7a00000,0x00000006c7ee9e58,0x00000006d2100000)
 Metaspace       used 13549K, capacity 13886K, committed 14080K, reserved 1062912K
  class space    used 1334K, capacity 1443K, committed 1536K, reserved 1048576K
}
Event: 505,106 GC heap before
{Heap before GC invocations=15 (full 0):
 PSYoungGen      total 61952K, used 56593K [0x000000076d380000, 0x0000000771a80000, 0x00000007c0000000)
  eden space 53248K, 100% used [0x000000076d380000,0x0000000770780000,0x0000000770780000)
  from space 8704K, 38% used [0x0000000771200000,0x0000000771544700,0x0000000771a80000)
  to   space 9728K, 0% used [0x0000000770780000,0x0000000770780000,0x0000000771100000)
 ParOldGen       total 171008K, used 5031K [0x00000006c7a00000, 0x00000006d2100000, 0x000000076d380000)
  object space 171008K, 2% used [0x00000006c7a00000,0x00000006c7ee9e58,0x00000006d2100000)
 Metaspace       used 13577K, capacity 13916K, committed 14080K, reserved 1062912K
  class space    used 1337K, capacity 1448K, committed 1536K, reserved 1048576K
Event: 505,113 GC heap after
Heap after GC invocations=15 (full 0):
 PSYoungGen      total 56320K, used 3672K [0x000000076d380000, 0x0000000771980000, 0x00000007c0000000)
  eden space 52224K, 0% used [0x000000076d380000,0x000000076d380000,0x0000000770680000)
  from space 4096K, 89% used [0x0000000770780000,0x0000000770b163a0,0x0000000770b80000)
  to   space 9728K, 0% used [0x0000000771000000,0x0000000771000000,0x0000000771980000)
 ParOldGen       total 171008K, used 5140K [0x00000006c7a00000, 0x00000006d2100000, 0x000000076d380000)
  object space 171008K, 3% used [0x00000006c7a00000,0x00000006c7f052f8,0x00000006d2100000)
 Metaspace       used 13577K, capacity 13916K, committed 14080K, reserved 1062912K
  class space    used 1337K, capacity 1448K, committed 1536K, reserved 1048576K
}
Event: 522,991 GC heap before
{Heap before GC invocations=16 (full 0):
 PSYoungGen      total 56320K, used 55896K [0x000000076d380000, 0x0000000771980000, 0x00000007c0000000)
  eden space 52224K, 100% used [0x000000076d380000,0x0000000770680000,0x0000000770680000)
  from space 4096K, 89% used [0x0000000770780000,0x0000000770b163a0,0x0000000770b80000)
  to   space 9728K, 0% used [0x0000000771000000,0x0000000771000000,0x0000000771980000)
 ParOldGen       total 171008K, used 5140K [0x00000006c7a00000, 0x00000006d2100000, 0x000000076d380000)
  object space 171008K, 3% used [0x00000006c7a00000,0x00000006c7f052f8,0x00000006d2100000)
 Metaspace       used 13593K, capacity 13916K, committed 14080K, reserved 1062912K
  class space    used 1337K, capacity 1448K, committed 1536K, reserved 1048576K
Event: 522,997 GC heap after
Heap after GC invocations=16 (full 0):
 PSYoungGen      total 59904K, used 2216K [0x000000076d380000, 0x0000000771880000, 0x00000007c0000000)
  eden space 51200K, 0% used [0x000000076d380000,0x000000076d380000,0x0000000770580000)
  from space 8704K, 25% used [0x0000000771000000,0x000000077122a160,0x0000000771880000)
  to   space 9728K, 0% used [0x0000000770580000,0x0000000770580000,0x0000000770f00000)
 ParOldGen       total 171008K, used 5229K [0x00000006c7a00000, 0x00000006d2100000, 0x000000076d380000)
  object space 171008K, 3% used [0x00000006c7a00000,0x00000006c7f1b758,0x00000006d2100000)
 Metaspace       used 13593K, capacity 13916K, committed 14080K, reserved 1062912K
  class space    used 1337K, capacity 1448K, committed 1536K, reserved 1048576K
}
Event: 603,354 GC heap before
{Heap before GC invocations=17 (full 0):
 PSYoungGen      total 59904K, used 53416K [0x000000076d380000, 0x0000000771880000, 0x00000007c0000000)
  eden space 51200K, 100% used [0x000000076d380000,0x0000000770580000,0x0000000770580000)
  from space 8704K, 25% used [0x0000000771000000,0x000000077122a160,0x0000000771880000)
  to   space 9728K, 0% used [0x0000000770580000,0x0000000770580000,0x0000000770f00000)
 ParOldGen       total 171008K, used 5229K [0x00000006c7a00000, 0x00000006d2100000, 0x000000076d380000)
  object space 171008K, 3% used [0x00000006c7a00000,0x00000006c7f1b758,0x00000006d2100000)
 Metaspace       used 13632K, capacity 13980K, committed 14336K, reserved 1062912K
  class space    used 1337K, capacity 1448K, committed 1536K, reserved 1048576K
Event: 603,358 GC heap after
Heap after GC invocations=17 (full 0):
 PSYoungGen      total 53760K, used 3171K [0x000000076d380000, 0x0000000771680000, 0x00000007c0000000)
  eden space 50176K, 0% used [0x000000076d380000,0x000000076d380000,0x0000000770480000)
  from space 3584K, 88% used [0x0000000770580000,0x0000000770898d90,0x0000000770900000)
  to   space 9216K, 0% used [0x0000000770d80000,0x0000000770d80000,0x0000000771680000)
 ParOldGen       total 171008K, used 5455K [0x00000006c7a00000, 0x00000006d2100000, 0x000000076d380000)
  object space 171008K, 3% used [0x00000006c7a00000,0x00000006c7f53c38,0x00000006d2100000)
 Metaspace       used 13632K, capacity 13980K, committed 14336K, reserved 1062912K
  class space    used 1337K, capacity 1448K, committed 1536K, reserved 1048576K
}
Event: 618,458 GC heap before
{Heap before GC invocations=18 (full 0):
 PSYoungGen      total 53760K, used 53347K [0x000000076d380000, 0x0000000771680000, 0x00000007c0000000)
  eden space 50176K, 100% used [0x000000076d380000,0x0000000770480000,0x0000000770480000)
  from space 3584K, 88% used [0x0000000770580000,0x0000000770898d90,0x0000000770900000)
  to   space 9216K, 0% used [0x0000000770d80000,0x0000000770d80000,0x0000000771680000)
 ParOldGen       total 171008K, used 5455K [0x00000006c7a00000, 0x00000006d2100000, 0x000000076d380000)
  object space 171008K, 3% used [0x00000006c7a00000,0x00000006c7f53c38,0x00000006d2100000)
 Metaspace       used 13632K, capacity 13980K, committed 14336K, reserved 1062912K
  class space    used 1337K, capacity 1448K, committed 1536K, reserved 1048576K
Event: 618,463 GC heap after
Heap after GC invocations=18 (full 0):
 PSYoungGen      total 57344K, used 2508K [0x000000076d380000, 0x0000000771580000, 0x00000007c0000000)
  eden space 49152K, 0% used [0x000000076d380000,0x000000076d380000,0x0000000770380000)
  from space 8192K, 30% used [0x0000000770d80000,0x0000000770ff30e0,0x0000000771580000)
  to   space 9216K, 0% used [0x0000000770380000,0x0000000770380000,0x0000000770c80000)
 ParOldGen       total 171008K, used 5527K [0x00000006c7a00000, 0x00000006d2100000, 0x000000076d380000)
  object space 171008K, 3% used [0x00000006c7a00000,0x00000006c7f65c38,0x00000006d2100000)
 Metaspace       used 13632K, capacity 13980K, committed 14336K, reserved 1062912K
  class space    used 1337K, capacity 1448K, committed 1536K, reserved 1048576K
}
Event: 667,666 GC heap before
{Heap before GC invocations=19 (full 0):
 PSYoungGen      total 57344K, used 51660K [0x000000076d380000, 0x0000000771580000, 0x00000007c0000000)
  eden space 49152K, 100% used [0x000000076d380000,0x0000000770380000,0x0000000770380000)
  from space 8192K, 30% used [0x0000000770d80000,0x0000000770ff30e0,0x0000000771580000)
  to   space 9216K, 0% used [0x0000000770380000,0x0000000770380000,0x0000000770c80000)
 ParOldGen       total 171008K, used 5527K [0x00000006c7a00000, 0x00000006d2100000, 0x000000076d380000)
  object space 171008K, 3% used [0x00000006c7a00000,0x00000006c7f65c38,0x00000006d2100000)
 Metaspace       used 13632K, capacity 13980K, committed 14336K, reserved 1062912K
  class space    used 1337K, capacity 1448K, committed 1536K, reserved 1048576K

